[14/06/15 06:35:24 ::1] ::1
[14/06/15 06:35:24 ::1] Chrome 43.0.2357.124 - 
[14/06/15 06:35:25 ::1] Mozilla/5.0 (Windows NT 10.0; WOW64) AppleWebKit/537.36 (KHTML, like Gecko) Chrome/43.0.2357.124 Safari/537.36
[14/06/15 06:35:35 ::1] ::1
[14/06/15 06:35:35 ::1] Chrome 43.0.2357.124 - 
[14/06/15 06:35:35 ::1] Mozilla/5.0 (Windows NT 10.0; WOW64) AppleWebKit/537.36 (KHTML, like Gecko) Chrome/43.0.2357.124 Safari/537.36
[14/06/15 06:36:22 ::1] ::1
[14/06/15 06:36:22 ::1] Chrome 43.0.2357.124 - 
[14/06/15 06:36:22 ::1] Mozilla/5.0 (Windows NT 10.0; WOW64) AppleWebKit/537.36 (KHTML, like Gecko) Chrome/43.0.2357.124 Safari/537.36
[14/06/15 06:37:00 ::1] ::1
[14/06/15 06:37:00 ::1] Chrome 43.0.2357.124 - 
[14/06/15 06:37:00 ::1] Mozilla/5.0 (Windows NT 10.0; WOW64) AppleWebKit/537.36 (KHTML, like Gecko) Chrome/43.0.2357.124 Safari/537.36
[14/06/15 06:38:45 ::1] ::1
[14/06/15 06:38:45 ::1] Chrome 43.0.2357.124 - 
[14/06/15 06:38:45 ::1] Mozilla/5.0 (Windows NT 10.0; WOW64) AppleWebKit/537.36 (KHTML, like Gecko) Chrome/43.0.2357.124 Safari/537.36
[14/06/15 06:40:53 ::1] ::1
[14/06/15 06:40:53 ::1] Chrome 43.0.2357.124 - 
[14/06/15 06:40:53 ::1] Mozilla/5.0 (Windows NT 10.0; WOW64) AppleWebKit/537.36 (KHTML, like Gecko) Chrome/43.0.2357.124 Safari/537.36
[14/06/15 06:40:53 ::1] ::1
[14/06/15 06:40:53 ::1] Chrome 43.0.2357.124 - 
[14/06/15 06:40:53 ::1] Mozilla/5.0 (Windows NT 10.0; WOW64) AppleWebKit/537.36 (KHTML, like Gecko) Chrome/43.0.2357.124 Safari/537.36
[14/06/15 06:40:56 ::1] ::1
[14/06/15 06:40:56 ::1] Chrome 43.0.2357.124 - 
[14/06/15 06:40:56 ::1] Mozilla/5.0 (Windows NT 10.0; WOW64) AppleWebKit/537.36 (KHTML, like Gecko) Chrome/43.0.2357.124 Safari/537.36
[14/06/15 06:41:30 ::1] ::1
[14/06/15 06:41:30 ::1] Firefox 17.0 - rv:17.0 Gecko/20100101 Firefox/17.0
[14/06/15 06:41:30 ::1] Mozilla/5.0 (Windows NT 6.2; WOW64; rv:17.0) Gecko/20100101 Firefox/17.0
[14/06/15 06:41:35 ::1] ::1
[14/06/15 06:41:35 ::1] Firefox 17.0 - rv:17.0 Gecko/20100101 Firefox/17.0
[14/06/15 06:41:35 ::1] Mozilla/5.0 (Windows NT 6.2; WOW64; rv:17.0) Gecko/20100101 Firefox/17.0
[14/06/15 06:41:35 ::1] ::1
[14/06/15 06:41:35 ::1] Firefox 17.0 - rv:17.0 Gecko/20100101 Firefox/17.0
[14/06/15 06:41:35 ::1] Mozilla/5.0 (Windows NT 6.2; WOW64; rv:17.0) Gecko/20100101 Firefox/17.0
[14/06/15 06:45:47 ::1] ::1
[14/06/15 06:45:47 ::1] Chrome 43.0.2357.124 - 
[14/06/15 06:45:47 ::1] Mozilla/5.0 (Windows NT 10.0; WOW64) AppleWebKit/537.36 (KHTML, like Gecko) Chrome/43.0.2357.124 Safari/537.36
[14/06/15 06:46:59 ::1] ::1
[14/06/15 06:46:59 ::1] Firefox 17.0 - rv:17.0 Gecko/20100101 Firefox/17.0
[14/06/15 06:46:59 ::1] Mozilla/5.0 (Windows NT 6.2; WOW64; rv:17.0) Gecko/20100101 Firefox/17.0
[14/06/15 14:55:33 ::1] ::1
[14/06/15 14:55:33 ::1] Firefox 17.0 - rv:17.0 Gecko/20100101 Firefox/17.0
[14/06/15 14:55:33 ::1] Mozilla/5.0 (Windows NT 6.2; WOW64; rv:17.0) Gecko/20100101 Firefox/17.0
[14/06/15 15:02:48 ::1] ::1
[14/06/15 15:02:48 ::1] Firefox 17.0 - rv:17.0 Gecko/20100101 Firefox/17.0
[14/06/15 15:02:48 ::1] Mozilla/5.0 (Windows NT 6.2; WOW64; rv:17.0) Gecko/20100101 Firefox/17.0
[14/06/15 15:03:08 ::1] ::1
[14/06/15 15:03:08 ::1] Firefox 17.0 - rv:17.0 Gecko/20100101 Firefox/17.0
[14/06/15 15:03:08 ::1] Mozilla/5.0 (Windows NT 6.2; WOW64; rv:17.0) Gecko/20100101 Firefox/17.0
[14/06/15 15:03:32 ::1] ::1
[14/06/15 15:03:32 ::1] Firefox 17.0 - rv:17.0 Gecko/20100101 Firefox/17.0
[14/06/15 15:03:32 ::1] Mozilla/5.0 (Windows NT 6.2; WOW64; rv:17.0) Gecko/20100101 Firefox/17.0
[14/06/15 15:03:37 ::1] ::1
[14/06/15 15:03:37 ::1] Firefox 17.0 - rv:17.0 Gecko/20100101 Firefox/17.0
[14/06/15 15:03:37 ::1] Mozilla/5.0 (Windows NT 6.2; WOW64; rv:17.0) Gecko/20100101 Firefox/17.0
[14/06/15 15:04:37 ::1] ::1
[14/06/15 15:04:37 ::1] Firefox 17.0 - rv:17.0 Gecko/20100101 Firefox/17.0
[14/06/15 15:04:37 ::1] Mozilla/5.0 (Windows NT 6.2; WOW64; rv:17.0) Gecko/20100101 Firefox/17.0
[14/06/15 15:04:55 ::1] ::1
[14/06/15 15:04:55 ::1] Chrome 20.0.1092.0 - 
[14/06/15 15:04:55 ::1] Mozilla/5.0 (Windows NT 6.1; WOW64) AppleWebKit/536.6 (KHTML, like Gecko) Chrome/20.0.1092.0 Safari/536.6
[14/06/15 15:04:59 ::1] ::1
[14/06/15 15:04:59 ::1] Chrome 20.0.1092.0 - 
[14/06/15 15:04:59 ::1] Mozilla/5.0 (Windows NT 6.1; WOW64) AppleWebKit/536.6 (KHTML, like Gecko) Chrome/20.0.1092.0 Safari/536.6
[14/06/15 15:05:20 ::1] ::1
[14/06/15 15:05:20 ::1] Firefox 10.0.1 - rv:10.0.1 Gecko/20100101 Firefox/10.0.1
[14/06/15 15:05:20 ::1] Mozilla/5.0 (Windows NT 6.1; WOW64; rv:10.0.1) Gecko/20100101 Firefox/10.0.1
